[     213ms] [ERROR] Failed to load resource: the server responded with a status of 503 () @ https://homepage.g-eye.io/site.webmanifest?v=4:0
[     213ms] [ERROR] Manifest fetch from https://homepage.g-eye.io/site.webmanifest?v=4 failed, code 503 @ https://homepage.g-eye.io/:0
[     213ms] [ERROR] Failed to load resource: the server responded with a status of 503 () @ https://homepage.g-eye.io/_next/static/chunks/2969.b557fdfd09e13b00.js:0
[     214ms] [ERROR] Failed to load resource: the server responded with a status of 503 () @ https://homepage.g-eye.io/api/hash:0
[     214ms] [ERROR] Failed to load resource: the server responded with a status of 503 () @ https://homepage.g-eye.io/api/config/custom.js:0
[     214ms] [ERROR] Failed to load resource: the server responded with a status of 503 () @ https://homepage.g-eye.io/api/validate:0
[     214ms] [ERROR] Failed to load resource: the server responded with a status of 503 () @ https://homepage.g-eye.io/_next/static/chunks/8060.ccc5102a9337e413.js:0
[     214ms] [ERROR] Failed to load resource: the server responded with a status of 503 () @ https://homepage.g-eye.io/api/services:0
[     215ms] [ERROR] Failed to load resource: the server responded with a status of 503 () @ https://homepage.g-eye.io/api/widgets/resources?type=memory:0
[     215ms] [ERROR] Failed to load resource: the server responded with a status of 503 () @ https://homepage.g-eye.io/api/widgets:0
[     215ms] [ERROR] Failed to load resource: the server responded with a status of 503 () @ https://homepage.g-eye.io/homepage.ico:0
[     215ms] [ERROR] Failed to load resource: the server responded with a status of 503 () @ https://homepage.g-eye.io/api/widgets/resources?type=disk&target=/:0
[     215ms] [ERROR] Failed to load resource: the server responded with a status of 503 () @ https://homepage.g-eye.io/api/bookmarks:0
[     215ms] [ERROR] Failed to load resource: the server responded with a status of 503 () @ https://homepage.g-eye.io/_next/static/chunks/6019.9d7ecf931fbdd04d.js:0
[     219ms] [ERROR] Failed to load resource: the server responded with a status of 503 () @ https://homepage.g-eye.io/api/hash:0
[     221ms] [ERROR] Failed to load resource: the server responded with a status of 503 () @ https://homepage.g-eye.io/favicon-32x32.png?v=4:0
[     227ms] [ERROR] Failed to load resource: the server responded with a status of 503 () @ https://homepage.g-eye.io/favicon-16x16.png?v=4:0
[    3160ms] [ERROR] Failed to load resource: the server responded with a status of 503 () @ https://homepage.g-eye.io/api/widgets/resources?type=cpu:0
[    5224ms] [ERROR] Failed to load resource: the server responded with a status of 503 () @ https://homepage.g-eye.io/api/validate:0
[    5224ms] [ERROR] Failed to load resource: the server responded with a status of 503 () @ https://homepage.g-eye.io/api/hash:0
[    5226ms] [ERROR] Failed to load resource: the server responded with a status of 503 () @ https://homepage.g-eye.io/api/widgets/resources?type=disk&target=/:0
[    5227ms] [ERROR] Failed to load resource: the server responded with a status of 503 () @ https://homepage.g-eye.io/api/widgets:0
[    5227ms] [ERROR] Failed to load resource: the server responded with a status of 503 () @ https://homepage.g-eye.io/api/widgets/resources?type=memory:0
[    8168ms] [ERROR] Failed to load resource: the server responded with a status of 503 () @ https://homepage.g-eye.io/api/widgets/resources?type=cpu:0
[   10222ms] [ERROR] Failed to load resource: the server responded with a status of 503 () @ https://homepage.g-eye.io/api/bookmarks:0
[   10222ms] [ERROR] Failed to load resource: the server responded with a status of 503 () @ https://homepage.g-eye.io/api/services:0
[   15234ms] [ERROR] Failed to load resource: the server responded with a status of 503 () @ https://homepage.g-eye.io/api/widgets/resources?type=memory:0
[   20232ms] [ERROR] Failed to load resource: the server responded with a status of 503 () @ https://homepage.g-eye.io/api/services:0
[   25235ms] [ERROR] Failed to load resource: the server responded with a status of 503 () @ https://homepage.g-eye.io/api/widgets:0
[   30232ms] [ERROR] Failed to load resource: the server responded with a status of 503 () @ https://homepage.g-eye.io/api/widgets/resources?type=disk&target=/:0
[   30233ms] [ERROR] Failed to load resource: the server responded with a status of 503 () @ https://homepage.g-eye.io/api/hash:0
[   30233ms] [ERROR] Failed to load resource: the server responded with a status of 503 () @ https://homepage.g-eye.io/api/validate:0
[   33178ms] [ERROR] Failed to load resource: the server responded with a status of 503 () @ https://homepage.g-eye.io/api/widgets/resources?type=cpu:0
[   35230ms] [ERROR] Failed to load resource: the server responded with a status of 503 () @ https://homepage.g-eye.io/api/bookmarks:0
[   50250ms] [ERROR] Failed to load resource: the server responded with a status of 503 () @ https://homepage.g-eye.io/api/widgets/resources?type=memory:0
[   55240ms] [ERROR] Failed to load resource: the server responded with a status of 503 () @ https://homepage.g-eye.io/api/widgets/resources?type=disk&target=/:0
[   60243ms] [ERROR] Failed to load resource: the server responded with a status of 503 () @ https://homepage.g-eye.io/api/widgets:0
[   60243ms] [ERROR] Failed to load resource: the server responded with a status of 503 () @ https://homepage.g-eye.io/api/services:0
[   70239ms] [ERROR] Failed to load resource: the server responded with a status of 503 () @ https://homepage.g-eye.io/api/bookmarks:0
[   80243ms] [ERROR] Failed to load resource: the server responded with a status of 503 () @ https://homepage.g-eye.io/api/validate:0
[   85243ms] [ERROR] Failed to load resource: the server responded with a status of 503 () @ https://homepage.g-eye.io/api/hash:0
[   88187ms] [ERROR] Failed to load resource: the server responded with a status of 503 () @ https://homepage.g-eye.io/api/widgets/resources?type=cpu:0
[  100459ms] [ERROR] Failed to load resource: the server responded with a status of 403 () @ https://homepage.g-eye.io/api/services/proxy?group=Productivity&service=Changedetection&index=0&endpoint=info:0
[  120384ms] [ERROR] Failed to load resource: the server responded with a status of 503 () @ https://homepage.g-eye.io/api/services/proxy?group=Media&service=Plex&index=0&endpoint=unified&query=%7B%22refreshInterval%22%3A5000%7D:0
